

Processing VerbsController#some random shit (for 127.0.0.1 at 2010-06-21 01:03:36) [GET]

ActionController::UnknownAction (No action responded to some random shit. Actions: ):
  

Rendering rescues/layout (not_found)


Processing VerbsController#show (for 127.0.0.1 at 2010-06-21 01:04:15) [GET]
  Parameters: {"id"=>"some random shit"}

ActionController::UnknownAction (No action responded to show. Actions: ):
  

Rendering rescues/layout (not_found)


Processing VerbsController#show (for 127.0.0.1 at 2010-06-21 01:06:21) [GET]
  Parameters: {"id"=>"some random shit"}
Rendering verbs/show
Completed in 169ms (View: 11, DB: 0) | 200 OK [http://localhost/verbs/some%20random%20shit]


Processing VerbsController#show (for 127.0.0.1 at 2010-06-21 01:06:28) [GET]
  Parameters: {"id"=>"aimer"}
Rendering verbs/show
Completed in 304ms (View: 3, DB: 0) | 200 OK [http://localhost/verbs/aimer]


Processing VerbsController#show (for 127.0.0.1 at 2010-06-21 01:06:33) [GET]
  Parameters: {"id"=>"faut"}
Rendering verbs/show
Completed in 461ms (View: 3, DB: 0) | 200 OK [http://localhost/verbs/faut]


Processing VerbsController#show (for 127.0.0.1 at 2010-06-21 01:07:46) [GET]
  Parameters: {"id"=>"être"}
Rendering verbs/show
Completed in 314ms (View: 3, DB: 0) | 200 OK [http://localhost/verbs/%C3%AAtre]


Processing VerbsController#show (for 127.0.0.1 at 2010-06-21 01:07:53) [GET]
  Parameters: {"id"=>"êtes"}
Rendering verbs/show
Completed in 307ms (View: 3, DB: 0) | 200 OK [http://localhost/verbs/%C3%AAtes]


Processing VerbsController#show (for 127.0.0.1 at 2010-06-21 01:07:57) [GET]
  Parameters: {"id"=>"a"}
Rendering verbs/show
Completed in 305ms (View: 3, DB: 0) | 200 OK [http://localhost/verbs/a]


Processing VerbsController#show (for 127.0.0.1 at 2010-06-21 01:08:03) [GET]
  Parameters: {"id"=>"you motherfucker"}
Rendering verbs/show
Completed in 159ms (View: 3, DB: 0) | 200 OK [http://localhost/verbs/you%20motherfucker]


Processing VerbsController#index (for 127.0.0.1 at 2010-06-21 01:08:44) [GET]

ActionController::UnknownAction (No action responded to index. Actions: show):
  

Rendering rescues/layout (not_found)


Processing VerbsController#index (for 127.0.0.1 at 2010-06-21 01:08:57) [GET]

ActionController::UnknownAction (No action responded to index. Actions: show):
  

Rendering rescues/layout (not_found)


Processing VerbsController#show (for 127.0.0.1 at 2010-06-21 01:09:01) [GET]
  Parameters: {"id"=>"asdf"}

NoMethodError (undefined method `LONGEST' for Verb:Class):
  app/controllers/verbs_controller.rb:3:in `show'

Rendered rescues/_trace (35.5ms)
Rendered rescues/_request_and_response (1.4ms)
Rendering rescues/layout (internal_server_error)


Processing VerbsController#show (for 127.0.0.1 at 2010-06-21 01:10:27) [GET]
  Parameters: {"id"=>"asdf"}
Rendering verbs/show
Completed in 164ms (View: 4, DB: 0) | 200 OK [http://localhost/verbs/asdf]


Processing VerbsController#show (for 127.0.0.1 at 2010-06-21 01:10:44) [GET]
  Parameters: {"id"=>"étudié"}
Rendering verbs/show
Completed in 307ms (View: 3, DB: 0) | 200 OK [http://localhost/verbs/%C3%A9tudi%C3%A9]


Processing VerbsController#show (for 127.0.0.1 at 2010-06-21 01:11:35) [GET]
  Parameters: {"id"=>"allé"}
Rendering verbs/show
Completed in 317ms (View: 3, DB: 0) | 200 OK [http://localhost/verbs/all%C3%A9]


Processing VerbsController#show (for 127.0.0.1 at 2010-06-21 01:11:42) [GET]
  Parameters: {"id"=>"voir"}
Rendering verbs/show
Completed in 306ms (View: 3, DB: 0) | 200 OK [http://localhost/verbs/voir]


Processing ApplicationController#index (for 127.0.0.1 at 2010-06-21 01:12:53) [GET]

ActionController::RoutingError (No route matches "/search" with {:method=>:get}):
  

Rendering rescues/layout (not_found)


Processing VerbsController#search (for 127.0.0.1 at 2010-06-21 01:12:59) [GET]

ActionView::MissingTemplate (Missing template verbs/search.erb in view path app/views):
  

Rendering rescues/layout (internal_server_error)


Processing VerbsController#search (for 127.0.0.1 at 2010-06-21 01:24:58) [GET]

ActionView::MissingTemplate (Missing template verbs/search.erb in view path app/views):
  

Rendering rescues/layout (internal_server_error)


Processing ApplicationController#index (for 127.0.0.1 at 2010-06-21 01:25:03) [GET]

ActionController::RoutingError (No route matches "/es" with {:method=>:get}):
  

Rendering rescues/layout (not_found)


Processing VerbsController#show (for 127.0.0.1 at 2010-06-21 01:25:08) [GET]
  Parameters: {"id"=>"es"}
Rendering template within layouts/application
Rendering verbs/show
Completed in 349ms (View: 19, DB: 0) | 200 OK [http://localhost/verbs/es]


Processing VerbsController#show (for 127.0.0.1 at 2010-06-21 01:29:24) [GET]
  Parameters: {"id"=>"es"}
Rendering template within layouts/application
Rendering verbs/show
Completed in 323ms (View: 8, DB: 0) | 200 OK [http://localhost/verbs/es]


Processing VerbsController#search (for 127.0.0.1 at 2010-06-21 01:29:35) [GET]
Rendering template within layouts/application
Rendering verbs/search
Completed in 104ms (View: 102, DB: 0) | 200 OK [http://localhost/]


Processing VerbsController#index (for 127.0.0.1 at 2010-06-21 01:29:39) [GET]
  Parameters: {"commit"=>"Go!", "id"=>""}

ActionController::UnknownAction (No action responded to index. Actions: search and show):
  

Rendering rescues/layout (not_found)


Processing VerbsController#index (for 127.0.0.1 at 2010-06-21 01:29:58) [GET]
  Parameters: {"commit"=>"Go!", "id"=>"être"}

ActionController::UnknownAction (No action responded to index. Actions: search and show):
  

Rendering rescues/layout (not_found)


Processing VerbsController#search (for 127.0.0.1 at 2010-06-21 01:30:16) [GET]
Rendering template within layouts/application
Rendering verbs/search
Completed in 8ms (View: 7, DB: 0) | 200 OK [http://localhost/]


Processing VerbsController#index (for 127.0.0.1 at 2010-06-21 01:30:19) [GET]
  Parameters: {"commit"=>"Go!", "s"=>"s"}

ActionController::UnknownAction (No action responded to index. Actions: search and show):
  

Rendering rescues/layout (not_found)


Processing VerbsController#search (for 127.0.0.1 at 2010-06-21 01:31:16) [GET]
Rendering template within layouts/application
Rendering verbs/search
Completed in 89ms (View: 87, DB: 0) | 200 OK [http://localhost/]


Processing VerbsController#search (for 127.0.0.1 at 2010-06-21 01:32:26) [GET]
Rendering template within layouts/application
Rendering verbs/search
Completed in 7ms (View: 5, DB: 0) | 200 OK [http://localhost/]


Processing VerbsController#search (for 127.0.0.1 at 2010-06-21 01:32:59) [GET]
Rendering template within layouts/application
Rendering verbs/search
Completed in 7ms (View: 5, DB: 0) | 200 OK [http://localhost/]


Processing VerbsController#search (for 127.0.0.1 at 2010-06-21 01:35:19) [GET]
Rendering template within layouts/application
Rendering verbs/search
Completed in 12ms (View: 10, DB: 0) | 200 OK [http://localhost/]


Processing VerbsController#search (for 127.0.0.1 at 2010-06-21 01:38:12) [GET]
Rendering template within layouts/application
Rendering verbs/search
Completed in 8ms (View: 6, DB: 0) | 200 OK [http://localhost/]


Processing VerbsController#create (for 127.0.0.1 at 2010-06-21 01:38:13) [POST]
  Parameters: {"authenticity_token"=>"GgEI0ZAcX8VELX3/3cI4SpDqUa895Y6rG0ML3nIR1ag=", "s"=>""}

ActionController::UnknownAction (No action responded to create. Actions: search and show):
  

Rendering rescues/layout (not_found)


Processing VerbsController#create (for 127.0.0.1 at 2010-06-21 01:38:17) [POST]
  Parameters: {"authenticity_token"=>"GgEI0ZAcX8VELX3/3cI4SpDqUa895Y6rG0ML3nIR1ag=", "s"=>"as"}

ActionController::UnknownAction (No action responded to create. Actions: search and show):
  

Rendering rescues/layout (not_found)


Processing VerbsController#search (for 127.0.0.1 at 2010-06-21 01:38:31) [GET]
Rendering template within layouts/application
Rendering verbs/search
Completed in 77ms (View: 76, DB: 0) | 200 OK [http://localhost/]


Processing VerbsController#index (for 127.0.0.1 at 2010-06-21 01:38:33) [GET]
  Parameters: {"s"=>""}

ActionController::UnknownAction (No action responded to index. Actions: search and show):
  

Rendering rescues/layout (not_found)


Processing VerbsController#index (for 127.0.0.1 at 2010-06-21 01:38:37) [GET]
  Parameters: {"s"=>"asd"}

ActionController::UnknownAction (No action responded to index. Actions: search and show):
  

Rendering rescues/layout (not_found)


Processing VerbsController#search (for 127.0.0.1 at 2010-06-21 01:40:17) [GET]
Rendering template within layouts/application
Rendering verbs/search
Completed in 8ms (View: 6, DB: 0) | 200 OK [http://localhost/]


Processing VerbsController#index (for 127.0.0.1 at 2010-06-21 01:40:18) [GET]
  Parameters: {"s"=>"asd"}

ActionController::UnknownAction (No action responded to index. Actions: search and show):
  

Rendering rescues/layout (not_found)


Processing VerbsController#index (for 127.0.0.1 at 2010-06-21 01:40:24) [GET]
  Parameters: {"s"=>"asd"}

ActionController::UnknownAction (No action responded to index. Actions: search and show):
  

Rendering rescues/layout (not_found)


Processing VerbsController#search (for 127.0.0.1 at 2010-06-21 01:40:47) [GET]
Rendering template within layouts/application
Rendering verbs/search
Completed in 4ms (View: 3, DB: 0) | 200 OK [http://localhost/]


Processing VerbsController#index (for 127.0.0.1 at 2010-06-21 01:40:49) [GET]
  Parameters: {"s"=>"asd"}

ActionView::MissingTemplate (Missing template verbs/index.erb in view path app/views):
  

Rendering rescues/layout (internal_server_error)


Processing VerbsController#index (for 127.0.0.1 at 2010-06-21 01:40:52) [GET]

NoMethodError (You have a nil object when you didn't expect it!
You might have expected an instance of ActiveRecord::Base.
The error occurred while evaluating nil.[]):
  app/controllers/verbs_controller.rb:3:in `index'

Rendered rescues/_trace (31.5ms)
Rendered rescues/_request_and_response (0.3ms)
Rendering rescues/layout (internal_server_error)


Processing VerbsController#index (for 127.0.0.1 at 2010-06-21 01:41:22) [GET]


Processing VerbsController#index (for 127.0.0.1 at 2010-06-21 01:43:37) [GET]

ActionView::MissingTemplate (Missing template verbs/index.erb in view path app/views):
  

Rendering rescues/layout (internal_server_error)


Processing VerbsController#index (for 127.0.0.1 at 2010-06-21 01:43:47) [GET]
Rendering template within layouts/application
Rendering verbs/index
Completed in 24ms (View: 22, DB: 0) | 200 OK [http://localhost/verbs]


Processing VerbsController#index (for 127.0.0.1 at 2010-06-21 01:43:52) [GET]
  Parameters: {"s"=>"aime"}
Rendering template within layouts/application
Rendering verbs/index
Completed in 311ms (View: 5, DB: 0) | 200 OK [http://localhost/verbs?s=aime]


Processing VerbsController#index (for 127.0.0.1 at 2010-06-21 01:44:35) [GET]
  Parameters: {"s"=>"asd"}
Rendering template within layouts/application
Rendering verbs/index
Completed in 164ms (View: 6, DB: 0) | 200 OK [http://localhost/verbs?s=asd]


Processing VerbsController#search (for 127.0.0.1 at 2010-06-21 01:44:38) [GET]
Rendering template within layouts/application
Rendering verbs/search
Completed in 10ms (View: 8, DB: 0) | 200 OK [http://localhost/]


Processing VerbsController#index (for 127.0.0.1 at 2010-06-21 01:44:43) [GET]
  Parameters: {"s"=>"ai"}
Rendering template within layouts/application
Rendering verbs/index
Completed in 307ms (View: 5, DB: 0) | 200 OK [http://localhost/verbs?s=ai]


Processing VerbsController#index (for 127.0.0.1 at 2010-06-21 01:44:55) [GET]
  Parameters: {"s"=>"soyons"}
Rendering template within layouts/application
Rendering verbs/index
Completed in 309ms (View: 5, DB: 0) | 200 OK [http://localhost/verbs?s=soyons]


Processing VerbsController#index (for 127.0.0.1 at 2010-06-21 01:45:27) [GET]
  Parameters: {"s"=>"faut"}
Rendering template within layouts/application
Rendering verbs/index
Completed in 468ms (View: 11, DB: 0) | 200 OK [http://localhost/verbs?s=faut]


Processing VerbsController#index (for 127.0.0.1 at 2010-06-21 01:45:40) [GET]
  Parameters: {"s"=>"faut"}
Rendering template within layouts/application
Rendering verbs/index
Completed in 459ms (View: 10, DB: 0) | 200 OK [http://localhost/verbs?s=faut]


Processing VerbsController#index (for 127.0.0.1 at 2010-06-21 01:45:48) [GET]
  Parameters: {"s"=>"faut"}
Rendering template within layouts/application
Rendering verbs/index
Completed in 565ms (View: 117, DB: 0) | 200 OK [http://localhost/verbs?s=faut]


Processing VerbsController#index (for 127.0.0.1 at 2010-06-21 01:57:40) [GET]
  Parameters: {"s"=>"faut"}
Rendering template within layouts/application
Rendering verbs/index
Completed in 481ms (View: 23, DB: 0) | 200 OK [http://localhost/verbs?s=faut]


Processing VerbsController#index (for 127.0.0.1 at 2010-06-21 01:58:08) [GET]
  Parameters: {"s"=>"faut"}
Rendering template within layouts/application
Rendering verbs/index
Completed in 466ms (View: 16, DB: 0) | 200 OK [http://localhost/verbs?s=faut]


Processing VerbsController#index (for 127.0.0.1 at 2010-06-21 01:58:37) [GET]
  Parameters: {"s"=>"faut"}
Rendering template within layouts/application
Rendering verbs/index
Completed in 556ms (View: 107, DB: 0) | 200 OK [http://localhost/verbs?s=faut]


Processing VerbsController#index (for 127.0.0.1 at 2010-06-21 02:06:38) [GET]
  Parameters: {"s"=>"faut"}
Rendering template within layouts/application
Rendering verbs/index
Completed in 478ms (View: 22, DB: 0) | 200 OK [http://localhost/verbs?s=faut]


Processing VerbsController#index (for 127.0.0.1 at 2010-06-21 02:06:48) [GET]
  Parameters: {"s"=>"faut"}
Rendering template within layouts/application
Rendering verbs/index
Completed in 457ms (View: 7, DB: 0) | 200 OK [http://localhost/verbs?s=faut]


Processing VerbsController#index (for 127.0.0.1 at 2010-06-21 02:07:04) [GET]
  Parameters: {"s"=>"faut"}
Rendering template within layouts/application
Rendering verbs/index
Completed in 458ms (View: 8, DB: 0) | 200 OK [http://localhost/verbs?s=faut]


Processing VerbsController#index (for 127.0.0.1 at 2010-06-21 02:07:43) [GET]
  Parameters: {"s"=>"faut"}
Rendering template within layouts/application
Rendering verbs/index
Completed in 463ms (View: 6, DB: 0) | 200 OK [http://localhost/verbs?s=faut]


Processing VerbsController#index (for 127.0.0.1 at 2010-06-21 02:07:58) [GET]
  Parameters: {"s"=>"faut"}
Rendering template within layouts/application
Rendering verbs/index
Completed in 454ms (View: 7, DB: 0) | 200 OK [http://localhost/verbs?s=faut]


Processing VerbsController#index (for 127.0.0.1 at 2010-06-21 02:08:14) [GET]
  Parameters: {"s"=>"faut"}
Rendering template within layouts/application
Rendering verbs/index
Completed in 456ms (View: 7, DB: 0) | 200 OK [http://localhost/verbs?s=faut]


Processing VerbsController#index (for 127.0.0.1 at 2010-06-21 02:08:20) [GET]
  Parameters: {"s"=>"faut"}
Rendering template within layouts/application
Rendering verbs/index
Completed in 460ms (View: 7, DB: 0) | 200 OK [http://localhost/verbs?s=faut]


Processing VerbsController#index (for 127.0.0.1 at 2010-06-21 02:08:24) [GET]
  Parameters: {"s"=>"faut"}
Rendering template within layouts/application
Rendering verbs/index
Completed in 459ms (View: 7, DB: 0) | 200 OK [http://localhost/verbs?s=faut]


Processing VerbsController#index (for 127.0.0.1 at 2010-06-21 02:08:28) [GET]
  Parameters: {"s"=>"faut"}
Rendering template within layouts/application
Rendering verbs/index
Completed in 457ms (View: 7, DB: 0) | 200 OK [http://localhost/verbs?s=faut]


Processing VerbsController#index (for 127.0.0.1 at 2010-06-21 02:08:28) [GET]
  Parameters: {"s"=>"faut"}
Rendering template within layouts/application
Rendering verbs/index
Completed in 469ms (View: 7, DB: 0) | 200 OK [http://localhost/verbs?s=faut]


Processing VerbsController#index (for 127.0.0.1 at 2010-06-21 02:08:50) [GET]
  Parameters: {"s"=>"faut"}
Rendering template within layouts/application
Rendering verbs/index
Completed in 467ms (View: 8, DB: 0) | 200 OK [http://localhost/verbs?s=faut]


Processing VerbsController#index (for 127.0.0.1 at 2010-06-21 02:09:01) [GET]
  Parameters: {"s"=>"faut"}
Rendering template within layouts/application
Rendering verbs/index
Completed in 457ms (View: 8, DB: 0) | 200 OK [http://localhost/verbs?s=faut]


Processing VerbsController#index (for 127.0.0.1 at 2010-06-21 02:10:36) [GET]
  Parameters: {"s"=>"faut"}
Rendering template within layouts/application
Rendering verbs/index
Completed in 462ms (View: 7, DB: 0) | 200 OK [http://localhost/verbs?s=faut]


Processing VerbsController#index (for 127.0.0.1 at 2010-06-21 02:13:04) [GET]
  Parameters: {"s"=>"faut"}
Rendering template within layouts/application
Rendering verbs/index
Completed in 482ms (View: 24, DB: 0) | 200 OK [http://localhost/verbs?s=faut]


Processing VerbsController#index (for 127.0.0.1 at 2010-06-21 02:13:23) [GET]
  Parameters: {"s"=>"faut"}
Rendering template within layouts/application
Rendering verbs/index
Completed in 463ms (View: 12, DB: 0) | 200 OK [http://localhost/verbs?s=faut]


Processing VerbsController#index (for 127.0.0.1 at 2010-06-21 02:13:49) [GET]
  Parameters: {"s"=>"faut"}
Rendering template within layouts/application
Rendering verbs/index
Completed in 470ms (View: 19, DB: 0) | 200 OK [http://localhost/verbs?s=faut]


Processing VerbsController#index (for 127.0.0.1 at 2010-06-21 02:13:56) [GET]
  Parameters: {"s"=>"ai"}
Rendering template within layouts/application
Rendering verbs/index
Completed in 315ms (View: 11, DB: 0) | 200 OK [http://localhost/verbs?s=ai]


Processing VerbsController#index (for 127.0.0.1 at 2010-06-21 02:16:08) [GET]
  Parameters: {"s"=>"ai"}
Rendering template within layouts/application
Rendering verbs/index
Completed in 332ms (View: 19, DB: 0) | 200 OK [http://localhost/verbs?s=ai]


Processing VerbsController#index (for 127.0.0.1 at 2010-06-21 02:18:18) [GET]
  Parameters: {"s"=>"ai"}
Rendering template within layouts/application
Rendering verbs/index

ActionView::TemplateError (undefined local variable or method `congujation' for #<ActionView::Base:0x103456178>) on line #12 of app/views/verbs/index.html.erb:
9:         <ul>
10:           <% value.each do |word| %>
11:             <% unless word.blank? %>
12:               <%= content_tag :li, word, :class => (conjugation_matches?(word, params[:s]) ? "highlighted" : "not-highlighted") %>
13:             <% end %>
14:           <% end %>
15:         </ul>

    app/helpers/verbs_helper.rb:3:in `conjugation_matches?'
    app/views/verbs/index.html.erb:12
    app/views/verbs/index.html.erb:10:in `each'
    app/views/verbs/index.html.erb:10
    app/views/verbs/index.html.erb:6:in `each'
    app/views/verbs/index.html.erb:6
    app/views/verbs/index.html.erb:1:in `each'
    app/views/verbs/index.html.erb:1

Rendered rescues/_trace (43.8ms)
Rendered rescues/_request_and_response (1.2ms)
Rendering rescues/layout (internal_server_error)


Processing VerbsController#index (for 127.0.0.1 at 2010-06-21 02:18:26) [GET]
  Parameters: {"s"=>"ai"}
Rendering template within layouts/application
Rendering verbs/index
Completed in 311ms (View: 11, DB: 0) | 200 OK [http://localhost/verbs?s=ai]


Processing VerbsController#index (for 127.0.0.1 at 2010-06-21 02:18:32) [GET]
  Parameters: {"s"=>"avmons"}
Rendering template within layouts/application
Rendering verbs/index
Completed in 161ms (View: 6, DB: 0) | 200 OK [http://localhost/verbs?s=avmons]


Processing VerbsController#index (for 127.0.0.1 at 2010-06-21 02:18:35) [GET]
  Parameters: {"s"=>"avons"}
Rendering template within layouts/application
Rendering verbs/index
Completed in 315ms (View: 12, DB: 0) | 200 OK [http://localhost/verbs?s=avons]


Processing VerbsController#index (for 127.0.0.1 at 2010-06-21 02:18:44) [GET]
  Parameters: {"s"=>"fait"}
Rendering template within layouts/application
Rendering verbs/index
Completed in 313ms (View: 12, DB: 0) | 200 OK [http://localhost/verbs?s=fait]


Processing VerbsController#index (for 127.0.0.1 at 2010-06-21 02:20:28) [GET]
  Parameters: {"s"=>"fait"}
Rendering template within layouts/application
Rendering verbs/index
Completed in 318ms (View: 12, DB: 0) | 200 OK [http://localhost/verbs?s=fait]


Processing VerbsController#index (for 127.0.0.1 at 2010-06-21 02:21:19) [GET]
  Parameters: {"s"=>"fait"}
Rendering template within layouts/application
Rendering verbs/index
Completed in 327ms (View: 19, DB: 0) | 200 OK [http://localhost/verbs?s=fait]


Processing VerbsController#index (for 127.0.0.1 at 2010-06-21 02:21:29) [GET]
  Parameters: {"s"=>"fait"}
Rendering template within layouts/application
Rendering verbs/index
Completed in 311ms (View: 11, DB: 0) | 200 OK [http://localhost/verbs?s=fait]


Processing VerbsController#index (for 127.0.0.1 at 2010-06-21 02:22:24) [GET]
  Parameters: {"s"=>"fait"}
Rendering template within layouts/application
Rendering verbs/index
Completed in 318ms (View: 12, DB: 0) | 200 OK [http://localhost/verbs?s=fait]


Processing VerbsController#index (for 127.0.0.1 at 2010-06-21 02:22:38) [GET]
  Parameters: {"s"=>"faut"}
Rendering template within layouts/application
Rendering verbs/index
Completed in 466ms (View: 12, DB: 0) | 200 OK [http://localhost/verbs?s=faut]


Processing VerbsController#index (for 127.0.0.1 at 2010-06-21 02:23:23) [GET]
  Parameters: {"s"=>"faut"}
Rendering template within layouts/application
Rendering verbs/index
Completed in 476ms (View: 13, DB: 0) | 200 OK [http://localhost/verbs?s=faut]


Processing VerbsController#index (for 127.0.0.1 at 2010-06-21 02:23:32) [GET]
  Parameters: {"s"=>"fait"}
Rendering template within layouts/application
Rendering verbs/index
Completed in 317ms (View: 14, DB: 0) | 200 OK [http://localhost/verbs?s=fait]


Processing VerbsController#index (for 127.0.0.1 at 2010-06-21 02:23:37) [GET]
  Parameters: {"s"=>"envoye"}
Rendering template within layouts/application
Rendering verbs/index
Completed in 162ms (View: 6, DB: 0) | 200 OK [http://localhost/verbs?s=envoye]


Processing VerbsController#index (for 127.0.0.1 at 2010-06-21 02:23:40) [GET]
  Parameters: {"s"=>"envoyer"}
Rendering template within layouts/application
Rendering verbs/index
Completed in 316ms (View: 13, DB: 0) | 200 OK [http://localhost/verbs?s=envoyer]


Processing VerbsController#index (for 127.0.0.1 at 2010-06-21 02:24:02) [GET]
  Parameters: {"s"=>"dors"}
Rendering template within layouts/application
Rendering verbs/index
Completed in 319ms (View: 13, DB: 0) | 200 OK [http://localhost/verbs?s=dors]


Processing VerbsController#search (for 127.0.0.1 at 2010-06-21 02:28:46) [GET]
Rendering template within layouts/application
Rendering verbs/search
Completed in 5ms (View: 3, DB: 0) | 200 OK [http://localhost/]


Processing VerbsController#index (for 127.0.0.1 at 2010-06-21 02:28:49) [GET]
  Parameters: {"s"=>"faime"}
Rendering template within layouts/application
Rendering verbs/index
Completed in 187ms (View: 7, DB: 0) | 200 OK [http://localhost/verbs?s=faime]


Processing VerbsController#index (for 127.0.0.1 at 2010-06-21 02:28:56) [GET]
  Parameters: {"s"=>"mangé"}
Rendering template within layouts/application
Rendering verbs/index
Completed in 381ms (View: 15, DB: 0) | 200 OK [http://localhost/verbs?s=mang%C3%A9]


Processing VerbsController#index (for 127.0.0.1 at 2010-06-21 02:29:13) [GET]
  Parameters: {"s"=>"avoir"}
Rendering template within layouts/application
Rendering verbs/index
Completed in 322ms (View: 13, DB: 0) | 200 OK [http://localhost/verbs?s=avoir]
